<?xml version="1.0" encoding="UTF-8"?>
<!-- Generated by org.testng.reporters.JUnitReportReporter -->
<testsuite skipped="0" hostname="venkay32" name="com.MavenbyCmd.GoogleTest" tests="1" failures="0" timestamp="20 Nov 2019 11:58:54 GMT" time="7.794" errors="0">
  <testcase name="testToCompareDoubles" time="7.794" classname="com.MavenbyCmd.GoogleTest"/>
</testsuite> <!-- com.MavenbyCmd.GoogleTest -->
